<?xml version="1.0" encoding="UTF-8"?>
<!-- Generated by org.testng.reporters.JUnitXMLReporter -->
<testsuite hostname="Admin-PC" name="Test" tests="3" failures="2" timestamp="14 Aug 2016 12:54:33 GMT" time="77.015" errors="0">
  <testcase name="login" time="8.423" classname="testcases.TC004_CreateLead">
    <failure type="java.lang.RuntimeException" message="FAILED">
      <![CDATA[java.lang.RuntimeException: FAILED
	at utils.Reporter.reportStep(Reporter.java:38)
	at wrappers.GenericWrappers.verifyTextContainsByXpath(GenericWrappers.java:228)
	at pages.HomePage.verifyUserName(HomePage.java:14)
	at testcases.TC004_CreateLead.login(TC004_CreateLead.java:19)
	at java.util.concurrent.ThreadPoolExecutor.runWorker(ThreadPoolExecutor.java:1142)
	at java.util.concurrent.ThreadPoolExecutor$Worker.run(ThreadPoolExecutor.java:617)
	at java.lang.Thread.run(Thread.java:744)
... Removed 10 stack frames]]>
    </failure>
  </testcase> <!-- login -->
  <testcase name="login" time="5.655" classname="testcases.TC005_EditLead">
    <failure type="java.lang.RuntimeException" message="FAILED">
      <![CDATA[java.lang.RuntimeException: FAILED
	at utils.Reporter.reportStep(Reporter.java:38)
	at wrappers.GenericWrappers.clickByClassName(GenericWrappers.java:281)
	at pages.LoginPage.clickLogin(LoginPage.java:27)
	at testcases.TC005_EditLead.login(TC005_EditLead.java:18)
	at java.util.concurrent.ThreadPoolExecutor.runWorker(ThreadPoolExecutor.java:1142)
	at java.util.concurrent.ThreadPoolExecutor$Worker.run(ThreadPoolExecutor.java:617)
	at java.lang.Thread.run(Thread.java:744)
... Removed 10 stack frames]]>
    </failure>
  </testcase> <!-- login -->
  <testcase name="login" time="40.866" classname="testcases.TC004_CreateLead"/>
</testsuite> <!-- Test -->
