<?xml version="1.0" encoding="UTF-8"?>
<testng-results skipped="0" failed="0" total="1" passed="1">
  <reporter-output>
  </reporter-output>
  <suite name="Default suite" duration-ms="60883" started-at="2016-09-02T03:08:00Z" finished-at="2016-09-02T03:09:00Z">
    <groups>
    </groups>
    <test name="Default test" duration-ms="60883" started-at="2016-09-02T03:08:00Z" finished-at="2016-09-02T03:09:00Z">
      <class name="testcases.TC004_CreateLead">
        <test-method status="PASS" signature="beforeSuite()[pri:0, instance:testcases.TC004_CreateLead@bf9759]" name="beforeSuite" is-config="true" duration-ms="276" started-at="2016-09-02T08:37:59Z" finished-at="2016-09-02T08:38:00Z">
          <reporter-output>
          </reporter-output>
        </test-method> <!-- beforeSuite -->
        <test-method status="PASS" signature="beforeTest()[pri:0, instance:testcases.TC004_CreateLead@bf9759]" name="beforeTest" is-config="true" duration-ms="1" started-at="2016-09-02T08:38:00Z" finished-at="2016-09-02T08:38:00Z">
          <reporter-output>
          </reporter-output>
        </test-method> <!-- beforeTest -->
        <test-method status="PASS" signature="beforeClass()[pri:0, instance:testcases.TC004_CreateLead@bf9759]" name="beforeClass" is-config="true" duration-ms="0" started-at="2016-09-02T08:38:00Z" finished-at="2016-09-02T08:38:00Z">
          <reporter-output>
          </reporter-output>
        </test-method> <!-- beforeClass -->
        <test-method status="PASS" signature="beforeMethod()[pri:0, instance:testcases.TC004_CreateLead@bf9759]" name="beforeMethod" is-config="true" duration-ms="17045" started-at="2016-09-02T08:38:01Z" finished-at="2016-09-02T08:38:18Z">
          <reporter-output>
          </reporter-output>
        </test-method> <!-- beforeMethod -->
        <test-method status="PASS" signature="login(java.lang.String, java.lang.String, java.lang.String, java.lang.String, java.lang.String, java.lang.String)[pri:0, instance:testcases.TC004_CreateLead@bf9759]" name="login" duration-ms="41071" started-at="2016-09-02T08:38:18Z" data-provider="fetchData" finished-at="2016-09-02T08:38:59Z">
          <params>
            <param index="0">
              <value>
                <![CDATA[DemoSalesManager]]>
              </value>
            </param>
            <param index="1">
              <value>
                <![CDATA[crmsfa]]>
              </value>
            </param>
            <param index="2">
              <value>
                <![CDATA[Demo Sales Manager]]>
              </value>
            </param>
            <param index="3">
              <value>
                <![CDATA[Google]]>
              </value>
            </param>
            <param index="4">
              <value>
                <![CDATA[David]]>
              </value>
            </param>
            <param index="5">
              <value>
                <![CDATA[M]]>
              </value>
            </param>
          </params>
          <reporter-output>
          </reporter-output>
        </test-method> <!-- login -->
        <test-method status="PASS" signature="afterMethod()[pri:0, instance:testcases.TC004_CreateLead@bf9759]" name="afterMethod" is-config="true" duration-ms="1270" started-at="2016-09-02T08:38:59Z" finished-at="2016-09-02T08:39:00Z">
          <reporter-output>
          </reporter-output>
        </test-method> <!-- afterMethod -->
        <test-method status="PASS" signature="afterTest()[pri:0, instance:testcases.TC004_CreateLead@bf9759]" name="afterTest" is-config="true" duration-ms="1" started-at="2016-09-02T08:39:00Z" finished-at="2016-09-02T08:39:00Z">
          <reporter-output>
          </reporter-output>
        </test-method> <!-- afterTest -->
        <test-method status="PASS" signature="afterSuite()[pri:0, instance:testcases.TC004_CreateLead@bf9759]" name="afterSuite" is-config="true" duration-ms="791" started-at="2016-09-02T08:39:00Z" finished-at="2016-09-02T08:39:01Z">
          <reporter-output>
          </reporter-output>
        </test-method> <!-- afterSuite -->
      </class> <!-- testcases.TC004_CreateLead -->
    </test> <!-- Default test -->
  </suite> <!-- Default suite -->
</testng-results>
